#
# There is insufficient memory for the Java Runtime Environment to continue.
# Native memory allocation (malloc) failed to allocate 32744 bytes for ChunkPool::allocate
# Possible reasons:
#   The system is out of physical RAM or swap space
#   The process is running with CompressedOops enabled, and the Java Heap may be blocking the growth of the native heap
# Possible solutions:
#   Reduce memory load on the system
#   Increase physical memory or swap space
#   Check if swap backing store is full
#   Decrease Java heap size (-Xmx/-Xms)
#   Decrease number of Java threads
#   Decrease Java thread stack sizes (-Xss)
#   Set larger code cache with -XX:ReservedCodeCacheSize=
#   JVM is running with Zero Based Compressed Oops mode in which the Java heap is
#     placed in the first 32GB address space. The Java Heap base address is the
#     maximum limit for the native heap growth. Please use -XX:HeapBaseMinAddress
#     to set the Java Heap base and to place the Java Heap above 32GB virtual address.
# This output file may be truncated or incomplete.
#
#  Out of Memory Error (arena.cpp:78), pid=11852, tid=17576
#
# JRE version: OpenJDK Runtime Environment (17.0.6) (build 17.0.6+0-b2043.56-10027231)
# Java VM: OpenJDK 64-Bit Server VM (17.0.6+0-b2043.56-10027231, mixed mode, tiered, compressed oops, compressed class ptrs, g1 gc, windows-amd64)
# No core dump will be written. Minidumps are not enabled by default on client versions of Windows
#

---------------  S U M M A R Y ------------

Command Line: org.jetbrains.kotlin.cli.jvm.K2JVMCompiler @C:\Users\andre\Downloads\GanasteApp\app\build\20230920_7587928351018558023.compiler.options

Host: 11th Gen Intel(R) Core(TM) i5-1135G7 @ 2.40GHz, 8 cores, 11G,  Windows 11 , 64 bit Build 22621 (10.0.22621.2215)
Time: Wed Sep 20 11:25:17 2023 Hora estándar central (México) elapsed time: 1.381997 seconds (0d 0h 0m 1s)

---------------  T H R E A D  ---------------

Current thread (0x00000220c4c25810):  JavaThread "main" [_thread_in_vm, id=17576, stack(0x000000785d300000,0x000000785d400000)]

Stack: [0x000000785d300000,0x000000785d400000]
Native frames: (J=compiled Java code, j=interpreted, Vv=VM code, C=native code)
V  [jvm.dll+0x683c9a]
V  [jvm.dll+0x8427a4]
V  [jvm.dll+0x843f9e]
V  [jvm.dll+0x844603]
V  [jvm.dll+0x249b75]
V  [jvm.dll+0xabecc]
V  [jvm.dll+0xac27c]
V  [jvm.dll+0x83305b]
V  [jvm.dll+0x8368fa]
V  [jvm.dll+0x82ff3c]
V  [jvm.dll+0x375309]
V  [jvm.dll+0x3744a2]
V  [jvm.dll+0x374448]
V  [jvm.dll+0x569f95]
V  [jvm.dll+0x568e54]
V  [jvm.dll+0x3883a4]
V  [jvm.dll+0x387a0f]
C  0x00000220d0e0a503

Java frames: (J=compiled Java code, j=interpreted, Vv=VM code)
j  org.jetbrains.kotlin.backend.jvm.JvmLowerKt.buildJvmLoweringPhases(Ljava/lang/String;Ljava/util/List;)Lorg/jetbrains/kotlin/backend/common/phaser/NamedCompilerPhase;+127
j  org.jetbrains.kotlin.backend.jvm.JvmLowerKt.<clinit>()V+1427
v  ~StubRoutines::call_stub
j  org.jetbrains.kotlin.backend.jvm.JvmPhasesKt.getJvmPhases()Lorg/jetbrains/kotlin/backend/common/phaser/NamedCompilerPhase;+0
j  org.jetbrains.kotlin.cli.jvm.K2JVMCompiler.doExecute(Lorg/jetbrains/kotlin/cli/common/arguments/K2JVMCompilerArguments;Lorg/jetbrains/kotlin/config/CompilerConfiguration;Lorg/jetbrains/kotlin/com/intellij/openapi/Disposable;Lorg/jetbrains/kotlin/utils/KotlinPaths;)Lorg/jetbrains/kotlin/cli/common/ExitCode;+63
j  org.jetbrains.kotlin.cli.jvm.K2JVMCompiler.doExecute(Lorg/jetbrains/kotlin/cli/common/arguments/CommonCompilerArguments;Lorg/jetbrains/kotlin/config/CompilerConfiguration;Lorg/jetbrains/kotlin/com/intellij/openapi/Disposable;Lorg/jetbrains/kotlin/utils/KotlinPaths;)Lorg/jetbrains/kotlin/cli/common/ExitCode;+9
j  org.jetbrains.kotlin.cli.common.CLICompiler.execImpl(Lorg/jetbrains/kotlin/cli/common/messages/MessageCollector;Lorg/jetbrains/kotlin/config/Services;Lorg/jetbrains/kotlin/cli/common/arguments/CommonCompilerArguments;)Lorg/jetbrains/kotlin/cli/common/ExitCode;+219
j  org.jetbrains.kotlin.cli.common.CLICompiler.execImpl(Lorg/jetbrains/kotlin/cli/common/messages/MessageCollector;Lorg/jetbrains/kotlin/config/Services;Lorg/jetbrains/kotlin/cli/common/arguments/CommonToolArguments;)Lorg/jetbrains/kotlin/cli/common/ExitCode;+7
j  org.jetbrains.kotlin.cli.common.CLITool.exec(Lorg/jetbrains/kotlin/cli/common/messages/MessageCollector;Lorg/jetbrains/kotlin/config/Services;Lorg/jetbrains/kotlin/cli/common/arguments/CommonToolArguments;)Lorg/jetbrains/kotlin/cli/common/ExitCode;+76
j  org.jetbrains.kotlin.cli.common.CLITool.exec(Ljava/io/PrintStream;Lorg/jetbrains/kotlin/config/Services;Lorg/jetbrains/kotlin/cli/common/messages/MessageRenderer;[Ljava/lang/String;)Lorg/jetbrains/kotlin/cli/common/ExitCode;+239
j  org.jetbrains.kotlin.cli.common.CLITool.exec(Ljava/io/PrintStream;Lorg/jetbrains/kotlin/cli/common/messages/MessageRenderer;[Ljava/lang/String;)Lorg/jetbrains/kotlin/cli/common/ExitCode;+25
j  org.jetbrains.kotlin.cli.common.CLITool$Companion.doMainNoExit(Lorg/jetbrains/kotlin/cli/common/CLITool;[Ljava/lang/String;Lorg/jetbrains/kotlin/cli/common/messages/MessageRenderer;)Lorg/jetbrains/kotlin/cli/common/ExitCode;+39
j  org.jetbrains.kotlin.cli.common.CLITool$Companion.doMainNoExit$default(Lorg/jetbrains/kotlin/cli/common/CLITool$Companion;Lorg/jetbrains/kotlin/cli/common/CLITool;[Ljava/lang/String;Lorg/jetbrains/kotlin/cli/common/messages/MessageRenderer;ILjava/lang/Object;)Lorg/jetbrains/kotlin/cli/common/ExitCode;+16
j  org.jetbrains.kotlin.cli.common.CLITool$Companion.doMain(Lorg/jetbrains/kotlin/cli/common/CLITool;[Ljava/lang/String;)V+57
j  org.jetbrains.kotlin.cli.jvm.K2JVMCompiler$Companion.main([Ljava/lang/String;)V+20
j  org.jetbrains.kotlin.cli.jvm.K2JVMCompiler.main([Ljava/lang/String;)V+4
v  ~StubRoutines::call_stub

---------------  P R O C E S S  ---------------

Threads class SMR info:
_java_thread_list=0x00000220e3d38910, length=13, elements={
0x00000220c4c25810, 0x00000220e2d6e260, 0x00000220e3822ff0, 0x00000220e3860340,
0x00000220e3860ef0, 0x00000220e38619a0, 0x00000220e3857e80, 0x00000220e3858930,
0x00000220e385bb90, 0x00000220e386a140, 0x00000220e39ca220, 0x00000220e39e6460,
0x00000220e3c26560
}

Java Threads: ( => current thread )
=>0x00000220c4c25810 JavaThread "main" [_thread_in_vm, id=17576, stack(0x000000785d300000,0x000000785d400000)]
  0x00000220e2d6e260 JavaThread "Reference Handler" daemon [_thread_blocked, id=1672, stack(0x000000785da00000,0x000000785db00000)]
  0x00000220e3822ff0 JavaThread "Finalizer" daemon [_thread_blocked, id=15384, stack(0x000000785db00000,0x000000785dc00000)]
  0x00000220e3860340 JavaThread "Signal Dispatcher" daemon [_thread_blocked, id=15036, stack(0x000000785dc00000,0x000000785dd00000)]
  0x00000220e3860ef0 JavaThread "Attach Listener" daemon [_thread_blocked, id=6268, stack(0x000000785dd00000,0x000000785de00000)]
  0x00000220e38619a0 JavaThread "Service Thread" daemon [_thread_blocked, id=10664, stack(0x000000785de00000,0x000000785df00000)]
  0x00000220e3857e80 JavaThread "Monitor Deflation Thread" daemon [_thread_blocked, id=3084, stack(0x000000785df00000,0x000000785e000000)]
  0x00000220e3858930 JavaThread "C2 CompilerThread0" daemon [_thread_in_native, id=3420, stack(0x000000785e000000,0x000000785e100000)]
  0x00000220e385bb90 JavaThread "C1 CompilerThread0" daemon [_thread_blocked, id=10160, stack(0x000000785e100000,0x000000785e200000)]
  0x00000220e386a140 JavaThread "Sweeper thread" daemon [_thread_blocked, id=2356, stack(0x000000785e200000,0x000000785e300000)]
  0x00000220e39ca220 JavaThread "Notification Thread" daemon [_thread_blocked, id=14680, stack(0x000000785e300000,0x000000785e400000)]
  0x00000220e39e6460 JavaThread "Common-Cleaner" daemon [_thread_blocked, id=1140, stack(0x000000785e500000,0x000000785e600000)]
  0x00000220e3c26560 JavaThread "C2 CompilerThread1" daemon [_thread_in_native, id=14948, stack(0x000000785e600000,0x000000785e700000)]

Other Threads:
  0x00000220e3820a10 VMThread "VM Thread" [stack: 0x000000785d900000,0x000000785da00000] [id=14828]
  0x00000220c4c9cac0 WatcherThread [stack: 0x000000785e400000,0x000000785e500000] [id=17280]
  0x00000220c4c7db00 GCTaskThread "GC Thread#0" [stack: 0x000000785d400000,0x000000785d500000] [id=8876]
  0x00000220e3e74680 GCTaskThread "GC Thread#1" [stack: 0x000000785e700000,0x000000785e800000] [id=18224]
  0x00000220e3ea73e0 GCTaskThread "GC Thread#2" [stack: 0x000000785e800000,0x000000785e900000] [id=7488]
  0x00000220e3ea7690 GCTaskThread "GC Thread#3" [stack: 0x000000785e900000,0x000000785ea00000] [id=16104]
  0x00000220e3e5d5c0 GCTaskThread "GC Thread#4" [stack: 0x000000785ea00000,0x000000785eb00000] [id=5024]
  0x00000220c4c8b960 ConcurrentGCThread "G1 Main Marker" [stack: 0x000000785d500000,0x000000785d600000] [id=14932]
  0x00000220c4c8cb10 ConcurrentGCThread "G1 Conc#0" [stack: 0x000000785d600000,0x000000785d700000] [id=17452]
  0x00000220c4cdb3f0 ConcurrentGCThread "G1 Refine#0" [stack: 0x000000785d700000,0x000000785d800000] [id=16684]
  0x00000220e2bd20c0 ConcurrentGCThread "G1 Service" [stack: 0x000000785d800000,0x000000785d900000] [id=15808]

Threads with active compile tasks:
C2 CompilerThread0     1390 1467   !   4       jdk.internal.loader.URLClassPath$JarLoader::getResource (65 bytes)
C2 CompilerThread1     1390 1465       4       java.util.jar.JarFile::getEntry (35 bytes)

VM state: not at safepoint (normal execution)

VM Mutex/Monitor currently owned by a thread: None

Heap address: 0x0000000744e00000, size: 2994 MB, Compressed Oops mode: Zero based, Oop shift amount: 3

CDS archive(s) not mapped
Compressed class space mapped at: 0x0000000800000000-0x0000000840000000, reserved size: 1073741824
Narrow klass base: 0x0000000800000000, Narrow klass shift: 0, Narrow klass range: 0x40000000

GC Precious Log:
 CPUs: 8 total, 8 available
 Memory: 11969M
 Large Page Support: Disabled
 NUMA Support: Disabled
 Compressed Oops: Enabled (Zero based)
 Heap Region Size: 2M
 Heap Min Capacity: 8M
 Heap Initial Capacity: 188M
 Heap Max Capacity: 2994M
 Pre-touch: Disabled
 Parallel Workers: 8
 Concurrent Workers: 2
 Concurrent Refinement Workers: 8
 Periodic GC: Disabled

Heap:
 garbage-first heap   total 192512K, used 33232K [0x0000000744e00000, 0x0000000800000000)
  region size 2048K, 16 young (32768K), 2 survivors (4096K)
 Metaspace       used 18996K, committed 19200K, reserved 1073152K
  class space    used 2057K, committed 2176K, reserved 1048576K

Heap Regions: E=young(eden), S=young(survivor), O=old, HS=humongous(starts), HC=humongous(continues), CS=collection set, F=free, OA=open archive, CA=closed archive, TAMS=top-at-mark-start (previous, next)
|   0|0x0000000744e00000, 0x0000000745000000, 0x0000000745000000|100%|HS|  |TAMS 0x0000000744e00000, 0x0000000744e00000| Complete 
|   1|0x0000000745000000, 0x0000000745200000, 0x0000000745200000|100%|HC|  |TAMS 0x0000000745000000, 0x0000000745000000| Complete 
|   2|0x0000000745200000, 0x0000000745200000, 0x0000000745400000|  0%| F|  |TAMS 0x0000000745200000, 0x0000000745200000| Untracked 
|   3|0x0000000745400000, 0x0000000745400000, 0x0000000745600000|  0%| F|  |TAMS 0x0000000745400000, 0x0000000745400000| Untracked 
|   4|0x0000000745600000, 0x0000000745600000, 0x0000000745800000|  0%| F|  |TAMS 0x0000000745600000, 0x0000000745600000| Untracked 
|   5|0x0000000745800000, 0x0000000745800000, 0x0000000745a00000|  0%| F|  |TAMS 0x0000000745800000, 0x0000000745800000| Untracked 
|   6|0x0000000745a00000, 0x0000000745a00000, 0x0000000745c00000|  0%| F|  |TAMS 0x0000000745a00000, 0x0000000745a00000| Untracked 
|   7|0x0000000745c00000, 0x0000000745c00000, 0x0000000745e00000|  0%| F|  |TAMS 0x0000000745c00000, 0x0000000745c00000| Untracked 
|   8|0x0000000745e00000, 0x0000000745e00000, 0x0000000746000000|  0%| F|  |TAMS 0x0000000745e00000, 0x0000000745e00000| Untracked 
|   9|0x0000000746000000, 0x0000000746000000, 0x0000000746200000|  0%| F|  |TAMS 0x0000000746000000, 0x0000000746000000| Untracked 
|  10|0x0000000746200000, 0x0000000746200000, 0x0000000746400000|  0%| F|  |TAMS 0x0000000746200000, 0x0000000746200000| Untracked 
|  11|0x0000000746400000, 0x0000000746400000, 0x0000000746600000|  0%| F|  |TAMS 0x0000000746400000, 0x0000000746400000| Untracked 
|  12|0x0000000746600000, 0x0000000746600000, 0x0000000746800000|  0%| F|  |TAMS 0x0000000746600000, 0x0000000746600000| Untracked 
|  13|0x0000000746800000, 0x0000000746800000, 0x0000000746a00000|  0%| F|  |TAMS 0x0000000746800000, 0x0000000746800000| Untracked 
|  14|0x0000000746a00000, 0x0000000746a00000, 0x0000000746c00000|  0%| F|  |TAMS 0x0000000746a00000, 0x0000000746a00000| Untracked 
|  15|0x0000000746c00000, 0x0000000746c00000, 0x0000000746e00000|  0%| F|  |TAMS 0x0000000746c00000, 0x0000000746c00000| Untracked 
|  16|0x0000000746e00000, 0x0000000746e00000, 0x0000000747000000|  0%| F|  |TAMS 0x0000000746e00000, 0x0000000746e00000| Untracked 
|  17|0x0000000747000000, 0x0000000747000000, 0x0000000747200000|  0%| F|  |TAMS 0x0000000747000000, 0x0000000747000000| Untracked 
|  18|0x0000000747200000, 0x0000000747200000, 0x0000000747400000|  0%| F|  |TAMS 0x0000000747200000, 0x0000000747200000| Untracked 
|  19|0x0000000747400000, 0x0000000747400000, 0x0000000747600000|  0%| F|  |TAMS 0x0000000747400000, 0x0000000747400000| Untracked 
|  20|0x0000000747600000, 0x0000000747600000, 0x0000000747800000|  0%| F|  |TAMS 0x0000000747600000, 0x0000000747600000| Untracked 
|  21|0x0000000747800000, 0x0000000747800000, 0x0000000747a00000|  0%| F|  |TAMS 0x0000000747800000, 0x0000000747800000| Untracked 
|  22|0x0000000747a00000, 0x0000000747a00000, 0x0000000747c00000|  0%| F|  |TAMS 0x0000000747a00000, 0x0000000747a00000| Untracked 
|  23|0x0000000747c00000, 0x0000000747c00000, 0x0000000747e00000|  0%| F|  |TAMS 0x0000000747c00000, 0x0000000747c00000| Untracked 
|  24|0x0000000747e00000, 0x0000000747e00000, 0x0000000748000000|  0%| F|  |TAMS 0x0000000747e00000, 0x0000000747e00000| Untracked 
|  25|0x0000000748000000, 0x0000000748000000, 0x0000000748200000|  0%| F|  |TAMS 0x0000000748000000, 0x0000000748000000| Untracked 
|  26|0x0000000748200000, 0x0000000748200000, 0x0000000748400000|  0%| F|  |TAMS 0x0000000748200000, 0x0000000748200000| Untracked 
|  27|0x0000000748400000, 0x0000000748400000, 0x0000000748600000|  0%| F|  |TAMS 0x0000000748400000, 0x0000000748400000| Untracked 
|  28|0x0000000748600000, 0x0000000748600000, 0x0000000748800000|  0%| F|  |TAMS 0x0000000748600000, 0x0000000748600000| Untracked 
|  29|0x0000000748800000, 0x0000000748800000, 0x0000000748a00000|  0%| F|  |TAMS 0x0000000748800000, 0x0000000748800000| Untracked 
|  30|0x0000000748a00000, 0x0000000748a00000, 0x0000000748c00000|  0%| F|  |TAMS 0x0000000748a00000, 0x0000000748a00000| Untracked 
|  31|0x0000000748c00000, 0x0000000748c00000, 0x0000000748e00000|  0%| F|  |TAMS 0x0000000748c00000, 0x0000000748c00000| Untracked 
|  32|0x0000000748e00000, 0x0000000748e00000, 0x0000000749000000|  0%| F|  |TAMS 0x0000000748e00000, 0x0000000748e00000| Untracked 
|  33|0x0000000749000000, 0x0000000749000000, 0x0000000749200000|  0%| F|  |TAMS 0x0000000749000000, 0x0000000749000000| Untracked 
|  34|0x0000000749200000, 0x0000000749200000, 0x0000000749400000|  0%| F|  |TAMS 0x0000000749200000, 0x0000000749200000| Untracked 
|  35|0x0000000749400000, 0x0000000749400000, 0x0000000749600000|  0%| F|  |TAMS 0x0000000749400000, 0x0000000749400000| Untracked 
|  36|0x0000000749600000, 0x0000000749600000, 0x0000000749800000|  0%| F|  |TAMS 0x0000000749600000, 0x0000000749600000| Untracked 
|  37|0x0000000749800000, 0x0000000749800000, 0x0000000749a00000|  0%| F|  |TAMS 0x0000000749800000, 0x0000000749800000| Untracked 
|  38|0x0000000749a00000, 0x0000000749a00000, 0x0000000749c00000|  0%| F|  |TAMS 0x0000000749a00000, 0x0000000749a00000| Untracked 
|  39|0x0000000749c00000, 0x0000000749c00000, 0x0000000749e00000|  0%| F|  |TAMS 0x0000000749c00000, 0x0000000749c00000| Untracked 
|  40|0x0000000749e00000, 0x0000000749e00000, 0x000000074a000000|  0%| F|  |TAMS 0x0000000749e00000, 0x0000000749e00000| Untracked 
|  41|0x000000074a000000, 0x000000074a000000, 0x000000074a200000|  0%| F|  |TAMS 0x000000074a000000, 0x000000074a000000| Untracked 
|  42|0x000000074a200000, 0x000000074a200000, 0x000000074a400000|  0%| F|  |TAMS 0x000000074a200000, 0x000000074a200000| Untracked 
|  43|0x000000074a400000, 0x000000074a400000, 0x000000074a600000|  0%| F|  |TAMS 0x000000074a400000, 0x000000074a400000| Untracked 
|  44|0x000000074a600000, 0x000000074a600000, 0x000000074a800000|  0%| F|  |TAMS 0x000000074a600000, 0x000000074a600000| Untracked 
|  45|0x000000074a800000, 0x000000074a800000, 0x000000074aa00000|  0%| F|  |TAMS 0x000000074a800000, 0x000000074a800000| Untracked 
|  46|0x000000074aa00000, 0x000000074aa00000, 0x000000074ac00000|  0%| F|  |TAMS 0x000000074aa00000, 0x000000074aa00000| Untracked 
|  47|0x000000074ac00000, 0x000000074ac00000, 0x000000074ae00000|  0%| F|  |TAMS 0x000000074ac00000, 0x000000074ac00000| Untracked 
|  48|0x000000074ae00000, 0x000000074ae00000, 0x000000074b000000|  0%| F|  |TAMS 0x000000074ae00000, 0x000000074ae00000| Untracked 
|  49|0x000000074b000000, 0x000000074b000000, 0x000000074b200000|  0%| F|  |TAMS 0x000000074b000000, 0x000000074b000000| Untracked 
|  50|0x000000074b200000, 0x000000074b200000, 0x000000074b400000|  0%| F|  |TAMS 0x000000074b200000, 0x000000074b200000| Untracked 
|  51|0x000000074b400000, 0x000000074b400000, 0x000000074b600000|  0%| F|  |TAMS 0x000000074b400000, 0x000000074b400000| Untracked 
|  52|0x000000074b600000, 0x000000074b600000, 0x000000074b800000|  0%| F|  |TAMS 0x000000074b600000, 0x000000074b600000| Untracked 
|  53|0x000000074b800000, 0x000000074b800000, 0x000000074ba00000|  0%| F|  |TAMS 0x000000074b800000, 0x000000074b800000| Untracked 
|  54|0x000000074ba00000, 0x000000074ba00000, 0x000000074bc00000|  0%| F|  |TAMS 0x000000074ba00000, 0x000000074ba00000| Untracked 
|  55|0x000000074bc00000, 0x000000074bc00000, 0x000000074be00000|  0%| F|  |TAMS 0x000000074bc00000, 0x000000074bc00000| Untracked 
|  56|0x000000074be00000, 0x000000074be00000, 0x000000074c000000|  0%| F|  |TAMS 0x000000074be00000, 0x000000074be00000| Untracked 
|  57|0x000000074c000000, 0x000000074c000000, 0x000000074c200000|  0%| F|  |TAMS 0x000000074c000000, 0x000000074c000000| Untracked 
|  58|0x000000074c200000, 0x000000074c200000, 0x000000074c400000|  0%| F|  |TAMS 0x000000074c200000, 0x000000074c200000| Untracked 
|  59|0x000000074c400000, 0x000000074c400000, 0x000000074c600000|  0%| F|  |TAMS 0x000000074c400000, 0x000000074c400000| Untracked 
|  60|0x000000074c600000, 0x000000074c600000, 0x000000074c800000|  0%| F|  |TAMS 0x000000074c600000, 0x000000074c600000| Untracked 
|  61|0x000000074c800000, 0x000000074c800000, 0x000000074ca00000|  0%| F|  |TAMS 0x000000074c800000, 0x000000074c800000| Untracked 
|  62|0x000000074ca00000, 0x000000074ca00000, 0x000000074cc00000|  0%| F|  |TAMS 0x000000074ca00000, 0x000000074ca00000| Untracked 
|  63|0x000000074cc00000, 0x000000074cc00000, 0x000000074ce00000|  0%| F|  |TAMS 0x000000074cc00000, 0x000000074cc00000| Untracked 
|  64|0x000000074ce00000, 0x000000074ce00000, 0x000000074d000000|  0%| F|  |TAMS 0x000000074ce00000, 0x000000074ce00000| Untracked 
|  65|0x000000074d000000, 0x000000074d000000, 0x000000074d200000|  0%| F|  |TAMS 0x000000074d000000, 0x000000074d000000| Untracked 
|  66|0x000000074d200000, 0x000000074d200000, 0x000000074d400000|  0%| F|  |TAMS 0x000000074d200000, 0x000000074d200000| Untracked 
|  67|0x000000074d400000, 0x000000074d400000, 0x000000074d600000|  0%| F|  |TAMS 0x000000074d400000, 0x000000074d400000| Untracked 
|  68|0x000000074d600000, 0x000000074d600000, 0x000000074d800000|  0%| F|  |TAMS 0x000000074d600000, 0x000000074d600000| Untracked 
|  69|0x000000074d800000, 0x000000074d800000, 0x000000074da00000|  0%| F|  |TAMS 0x000000074d800000, 0x000000074d800000| Untracked 
|  70|0x000000074da00000, 0x000000074da00000, 0x000000074dc00000|  0%| F|  |TAMS 0x000000074da00000, 0x000000074da00000| Untracked 
|  71|0x000000074dc00000, 0x000000074dc00000, 0x000000074de00000|  0%| F|  |TAMS 0x000000074dc00000, 0x000000074dc00000| Untracked 
|  72|0x000000074de00000, 0x000000074de00000, 0x000000074e000000|  0%| F|  |TAMS 0x000000074de00000, 0x000000074de00000| Untracked 
|  73|0x000000074e000000, 0x000000074e000000, 0x000000074e200000|  0%| F|  |TAMS 0x000000074e000000, 0x000000074e000000| Untracked 
|  74|0x000000074e200000, 0x000000074e200000, 0x000000074e400000|  0%| F|  |TAMS 0x000000074e200000, 0x000000074e200000| Untracked 
|  75|0x000000074e400000, 0x000000074e400000, 0x000000074e600000|  0%| F|  |TAMS 0x000000074e400000, 0x000000074e400000| Untracked 
|  76|0x000000074e600000, 0x000000074e600000, 0x000000074e800000|  0%| F|  |TAMS 0x000000074e600000, 0x000000074e600000| Untracked 
|  77|0x000000074e800000, 0x000000074e800000, 0x000000074ea00000|  0%| F|  |TAMS 0x000000074e800000, 0x000000074e800000| Untracked 
|  78|0x000000074ea00000, 0x000000074eb747d0, 0x000000074ec00000| 72%| E|  |TAMS 0x000000074ea00000, 0x000000074ea00000| Complete 
|  79|0x000000074ec00000, 0x000000074ee00000, 0x000000074ee00000|100%| E|CS|TAMS 0x000000074ec00000, 0x000000074ec00000| Complete 
|  80|0x000000074ee00000, 0x000000074f000000, 0x000000074f000000|100%| E|CS|TAMS 0x000000074ee00000, 0x000000074ee00000| Complete 
|  81|0x000000074f000000, 0x000000074f074010, 0x000000074f200000| 22%| S|CS|TAMS 0x000000074f000000, 0x000000074f000000| Complete 
|  82|0x000000074f200000, 0x000000074f400000, 0x000000074f400000|100%| S|CS|TAMS 0x000000074f200000, 0x000000074f200000| Complete 
|  83|0x000000074f400000, 0x000000074f600000, 0x000000074f600000|100%| E|CS|TAMS 0x000000074f400000, 0x000000074f400000| Complete 
|  84|0x000000074f600000, 0x000000074f800000, 0x000000074f800000|100%| E|CS|TAMS 0x000000074f600000, 0x000000074f600000| Complete 
|  85|0x000000074f800000, 0x000000074fa00000, 0x000000074fa00000|100%| E|CS|TAMS 0x000000074f800000, 0x000000074f800000| Complete 
|  86|0x000000074fa00000, 0x000000074fc00000, 0x000000074fc00000|100%| E|CS|TAMS 0x000000074fa00000, 0x000000074fa00000| Complete 
|  87|0x000000074fc00000, 0x000000074fe00000, 0x000000074fe00000|100%| E|CS|TAMS 0x000000074fc00000, 0x000000074fc00000| Complete 
|  88|0x000000074fe00000, 0x0000000750000000, 0x0000000750000000|100%| E|CS|TAMS 0x000000074fe00000, 0x000000074fe00000| Complete 
|  89|0x0000000750000000, 0x0000000750200000, 0x0000000750200000|100%| E|CS|TAMS 0x0000000750000000, 0x0000000750000000| Complete 
|  90|0x0000000750200000, 0x0000000750400000, 0x0000000750400000|100%| E|CS|TAMS 0x0000000750200000, 0x0000000750200000| Complete 
|  91|0x0000000750400000, 0x0000000750600000, 0x0000000750600000|100%| E|CS|TAMS 0x0000000750400000, 0x0000000750400000| Complete 
|  92|0x0000000750600000, 0x0000000750800000, 0x0000000750800000|100%| E|CS|TAMS 0x0000000750600000, 0x0000000750600000| Complete 
|  93|0x0000000750800000, 0x0000000750a00000, 0x0000000750a00000|100%| E|CS|TAMS 0x0000000750800000, 0x0000000750800000| Complete 

Card table byte_map: [0x00000220d9920000,0x00000220d9f00000] _byte_map_base: 0x00000220d5ef9000

Marking Bits (Prev, Next): (CMBitMap*) 0x00000220c4c7f520, (CMBitMap*) 0x00000220c4c7f560
 Prev Bits: [0x00000220da4e0000, 0x00000220dd3a8000)
 Next Bits: [0x00000220dd3b0000, 0x00000220e0278000)

Polling page: 0x00000220c4cf0000

Metaspace:

Usage:
  Non-class:     16.54 MB used.
      Class:      2.01 MB used.
       Both:     18.55 MB used.

Virtual space:
  Non-class space:       24.00 MB reserved,      16.62 MB ( 69%) committed,  3 nodes.
      Class space:        1.00 GB reserved,       2.12 MB ( <1%) committed,  1 nodes.
             Both:        1.02 GB reserved,      18.75 MB (  2%) committed. 

Chunk freelists:
   Non-Class:  2.80 MB
       Class:  1.78 MB
        Both:  4.58 MB

MaxMetaspaceSize: unlimited
CompressedClassSpaceSize: 1.00 GB
Initial GC threshold: 21.00 MB
Current GC threshold: 21.00 MB
CDS: off
MetaspaceReclaimPolicy: balanced
 - commit_granule_bytes: 65536.
 - commit_granule_words: 8192.
 - virtual_space_node_default_size: 1048576.
 - enlarge_chunks_in_place: 1.
 - new_chunks_are_fully_committed: 0.
 - uncommit_free_chunks: 1.
 - use_allocation_guard: 0.
 - handle_deallocations: 1.


Internal statistics:

num_allocs_failed_limit: 0.
num_arena_births: 46.
num_arena_deaths: 0.
num_vsnodes_births: 4.
num_vsnodes_deaths: 0.
num_space_committed: 300.
num_space_uncommitted: 0.
num_chunks_returned_to_freelist: 0.
num_chunks_taken_from_freelist: 427.
num_chunk_merges: 0.
num_chunk_splits: 344.
num_chunks_enlarged: 309.
num_purges: 0.
num_inconsistent_stats: 0.

CodeHeap 'non-profiled nmethods': size=120000Kb used=476Kb max_used=476Kb free=119523Kb
 bounds [0x00000220d1390000, 0x00000220d1600000, 0x00000220d88c0000]
CodeHeap 'profiled nmethods': size=120000Kb used=2657Kb max_used=2657Kb free=117343Kb
 bounds [0x00000220c98c0000, 0x00000220c9b60000, 0x00000220d0df0000]
CodeHeap 'non-nmethods': size=5760Kb used=1194Kb max_used=1210Kb free=4565Kb
 bounds [0x00000220d0df0000, 0x00000220d1060000, 0x00000220d1390000]
 total_blobs=1940 nmethods=1463 adapters=389
 compilation: enabled
              stopped_count=0, restarted_count=0
 full_count=0

Compilation events (20 events):
Event: 1.361 Thread 0x00000220e385bb90 1456       3       jdk.internal.org.objectweb.asm.SymbolTable::addConstantMethodref (24 bytes)
Event: 1.361 Thread 0x00000220e385bb90 nmethod 1456 0x00000220c9b57810 code [0x00000220c9b579c0, 0x00000220c9b57b68]
Event: 1.365 Thread 0x00000220e3c26560 1458   !   4       jdk.internal.loader.URLClassPath$JarLoader::ensureOpen (36 bytes)
Event: 1.365 Thread 0x00000220e3c26560 nmethod 1458 0x00000220d1404610 code [0x00000220d1404780, 0x00000220d1404818]
Event: 1.368 Thread 0x00000220e385bb90 1459       3       kotlin.collections.SetsKt__SetsKt::emptySet (7 bytes)
Event: 1.368 Thread 0x00000220e385bb90 nmethod 1459 0x00000220c9b57c10 code [0x00000220c9b57da0, 0x00000220c9b57e98]
Event: 1.369 Thread 0x00000220e3858930 1460       4       java.util.WeakHashMap::hash (28 bytes)
Event: 1.369 Thread 0x00000220e3858930 nmethod 1460 0x00000220d1404910 code [0x00000220d1404aa0, 0x00000220d1404bb8]
Event: 1.370 Thread 0x00000220e3858930 1461       4       java.lang.String::regionMatches (150 bytes)
Event: 1.371 Thread 0x00000220e3c26560 1462  s!   4       jdk.internal.loader.URLClassPath::getLoader (194 bytes)
Event: 1.371 Thread 0x00000220e385bb90 1463       3       kotlin.collections.MapsKt__MapsJVMKt::mapCapacity (40 bytes)
Event: 1.372 Thread 0x00000220e385bb90 nmethod 1463 0x00000220c9b57f10 code [0x00000220c9b580e0, 0x00000220c9b58358]
Event: 1.373 Thread 0x00000220e3c26560 nmethod 1462 0x00000220d1404c90 code [0x00000220d1404e40, 0x00000220d1405568]
Event: 1.373 Thread 0x00000220e3c26560 1464       4       java.util.jar.JarFile::maybeInstantiateVerifier (42 bytes)
Event: 1.374 Thread 0x00000220e3c26560 nmethod 1464 0x00000220d1405890 code [0x00000220d1405a20, 0x00000220d1405b08]
Event: 1.374 Thread 0x00000220e3c26560 1465       4       java.util.jar.JarFile::getEntry (35 bytes)
Event: 1.375 Thread 0x00000220e3858930 nmethod 1461 0x00000220d1405c10 code [0x00000220d1405dc0, 0x00000220d1406558]
Event: 1.376 Thread 0x00000220e3858930 1466   !   4       java.util.WeakHashMap::expungeStaleEntries (139 bytes)
Event: 1.377 Thread 0x00000220e3858930 nmethod 1466 0x00000220d1406a90 code [0x00000220d1406c20, 0x00000220d1406f28]
Event: 1.377 Thread 0x00000220e3858930 1467   !   4       jdk.internal.loader.URLClassPath$JarLoader::getResource (65 bytes)

GC Heap History (2 events):
Event: 0.738 GC heap before
{Heap before GC invocations=0 (full 0):
 garbage-first heap   total 192512K, used 24576K [0x0000000744e00000, 0x0000000800000000)
  region size 2048K, 11 young (22528K), 0 survivors (0K)
 Metaspace       used 12896K, committed 12992K, reserved 1064960K
  class space    used 1235K, committed 1280K, reserved 1048576K
}
Event: 0.763 GC heap after
{Heap after GC invocations=1 (full 0):
 garbage-first heap   total 192512K, used 6608K [0x0000000744e00000, 0x0000000800000000)
  region size 2048K, 2 young (4096K), 2 survivors (4096K)
 Metaspace       used 12896K, committed 12992K, reserved 1064960K
  class space    used 1235K, committed 1280K, reserved 1048576K
}

Dll operation events (1 events):
Event: 0.008 Loaded shared library C:\Program Files\Android\Android Studio1\jbr\bin\java.dll

Deoptimization events (20 events):
Event: 0.914 Thread 0x00000220c4c25810 DEOPT PACKING pc=0x00000220d13b8910 sp=0x000000785d3fc1b0
Event: 0.914 Thread 0x00000220c4c25810 DEOPT UNPACKING pc=0x00000220d0e4a1a3 sp=0x000000785d3fc138 mode 2
Event: 0.956 Thread 0x00000220c4c25810 Uncommon trap: trap_request=0xffffff45 fr.pc=0x00000220d13c3758 relative=0x0000000000000518
Event: 0.956 Thread 0x00000220c4c25810 Uncommon trap: reason=unstable_if action=reinterpret pc=0x00000220d13c3758 method=java.util.ArrayList.grow(I)[Ljava/lang/Object; @ 17 c2
Event: 0.956 Thread 0x00000220c4c25810 DEOPT PACKING pc=0x00000220d13c3758 sp=0x000000785d3fd9f0
Event: 0.956 Thread 0x00000220c4c25810 DEOPT UNPACKING pc=0x00000220d0e4a1a3 sp=0x000000785d3fd878 mode 2
Event: 1.094 Thread 0x00000220c4c25810 Uncommon trap: trap_request=0xffffff45 fr.pc=0x00000220d13cccbc relative=0x000000000000021c
Event: 1.094 Thread 0x00000220c4c25810 Uncommon trap: reason=unstable_if action=reinterpret pc=0x00000220d13cccbc method=java.lang.String.startsWith(Ljava/lang/String;I)Z @ 14 c2
Event: 1.094 Thread 0x00000220c4c25810 DEOPT PACKING pc=0x00000220d13cccbc sp=0x000000785d3fcc00
Event: 1.094 Thread 0x00000220c4c25810 DEOPT UNPACKING pc=0x00000220d0e4a1a3 sp=0x000000785d3fcb08 mode 2
Event: 1.094 Thread 0x00000220c4c25810 Uncommon trap: trap_request=0xffffff45 fr.pc=0x00000220d13b2088 relative=0x0000000000000268
Event: 1.094 Thread 0x00000220c4c25810 Uncommon trap: reason=unstable_if action=reinterpret pc=0x00000220d13b2088 method=java.lang.String.startsWith(Ljava/lang/String;I)Z @ 14 c2
Event: 1.094 Thread 0x00000220c4c25810 DEOPT PACKING pc=0x00000220d13b2088 sp=0x000000785d3fcb90
Event: 1.094 Thread 0x00000220c4c25810 DEOPT UNPACKING pc=0x00000220d0e4a1a3 sp=0x000000785d3fcb08 mode 2
Event: 1.141 Thread 0x00000220c4c25810 DEOPT PACKING pc=0x00000220c9afe0b4 sp=0x000000785d3fdd90
Event: 1.141 Thread 0x00000220c4c25810 DEOPT UNPACKING pc=0x00000220d0e4ace3 sp=0x000000785d3fd360 mode 0
Event: 1.259 Thread 0x00000220c4c25810 Uncommon trap: trap_request=0xffffff45 fr.pc=0x00000220d13d11d4 relative=0x00000000000000b4
Event: 1.259 Thread 0x00000220c4c25810 Uncommon trap: reason=unstable_if action=reinterpret pc=0x00000220d13d11d4 method=java.lang.Integer.valueOf(I)Ljava/lang/Integer; @ 3 c2
Event: 1.259 Thread 0x00000220c4c25810 DEOPT PACKING pc=0x00000220d13d11d4 sp=0x000000785d3fc8d0
Event: 1.259 Thread 0x00000220c4c25810 DEOPT UNPACKING pc=0x00000220d0e4a1a3 sp=0x000000785d3fc868 mode 2

Classes unloaded (0 events):
No events

Classes redefined (0 events):
No events

Internal exceptions (3 events):
Event: 1.114 Thread 0x00000220c4c25810 Exception <a 'java/lang/NoSuchMethodError'{0x000000074f82cf78}: 'java.lang.Object java.lang.invoke.DirectMethodHandle$Holder.newInvokeSpecial(java.lang.Object, java.lang.Object, java.lang.Object, java.lang.Object, java.lang.Object)'> (0x000000074f82cf78) 
thrown [s\src\hotspot\share\interpreter\linkResolver.cpp, line 771]
Event: 1.342 Thread 0x00000220c4c25810 Exception <a 'java/lang/NoSuchMethodError'{0x000000074ef2f118}: 'int java.lang.invoke.DirectMethodHandle$Holder.invokeVirtual(java.lang.Object, java.lang.Object, java.lang.Object)'> (0x000000074ef2f118) 
thrown [s\src\hotspot\share\interpreter\linkResolver.cpp, line 771]
Event: 1.349 Thread 0x00000220c4c25810 Exception <a 'java/lang/NoSuchMethodError'{0x000000074efae5f8}: 'java.lang.Object java.lang.invoke.DirectMethodHandle$Holder.invokeStaticInit(java.lang.Object)'> (0x000000074efae5f8) 
thrown [s\src\hotspot\share\interpreter\linkResolver.cpp, line 771]

VM Operations (16 events):
Event: 0.224 Executing VM operation: HandshakeAllThreads
Event: 0.224 Executing VM operation: HandshakeAllThreads done
Event: 0.566 Executing VM operation: HandshakeAllThreads
Event: 0.566 Executing VM operation: HandshakeAllThreads done
Event: 0.738 Executing VM operation: G1CollectForAllocation
Event: 0.763 Executing VM operation: G1CollectForAllocation done
Event: 0.860 Executing VM operation: HandshakeAllThreads
Event: 0.860 Executing VM operation: HandshakeAllThreads done
Event: 1.042 Executing VM operation: ICBufferFull
Event: 1.063 Executing VM operation: ICBufferFull done
Event: 1.141 Executing VM operation: HandshakeAllThreads
Event: 1.141 Executing VM operation: HandshakeAllThreads done
Event: 1.280 Executing VM operation: HandshakeAllThreads
Event: 1.280 Executing VM operation: HandshakeAllThreads done
Event: 1.348 Executing VM operation: HandshakeAllThreads
Event: 1.348 Executing VM operation: HandshakeAllThreads done

Events (20 events):
Event: 1.336 loading class java/util/regex/Pattern$SliceS
Event: 1.336 loading class java/util/regex/Pattern$SliceS done
Event: 1.336 loading class java/net/URISyntaxException
Event: 1.336 loading class java/net/URISyntaxException done
Event: 1.338 loading class java/util/Spliterators$IteratorSpliterator
Event: 1.338 loading class java/util/Spliterators$IteratorSpliterator done
Event: 1.339 loading class java/util/stream/MatchOps$MatchKind
Event: 1.339 loading class java/util/stream/MatchOps$MatchKind done
Event: 1.339 loading class java/util/stream/MatchOps
Event: 1.339 loading class java/util/stream/MatchOps done
Event: 1.339 loading class java/util/stream/MatchOps$MatchOp
Event: 1.339 loading class java/util/stream/MatchOps$MatchOp done
Event: 1.339 loading class java/util/stream/MatchOps$BooleanTerminalSink
Event: 1.339 loading class java/util/stream/MatchOps$BooleanTerminalSink done
Event: 1.339 loading class java/util/stream/MatchOps$1MatchSink
Event: 1.339 loading class java/util/stream/MatchOps$1MatchSink done
Event: 1.342 loading class java/lang/invoke/DirectMethodHandle$Special
Event: 1.342 loading class java/lang/invoke/DirectMethodHandle$Special done
Event: 1.349 loading class java/lang/ThreadLocal$SuppliedThreadLocal
Event: 1.349 loading class java/lang/ThreadLocal$SuppliedThreadLocal done


Dynamic libraries:
0x00007ff67f290000 - 0x00007ff67f29a000 	C:\Program Files\Android\Android Studio1\jbr\bin\java.exe
0x00007fff0a8d0000 - 0x00007fff0aae4000 	C:\WINDOWS\SYSTEM32\ntdll.dll
0x00007fff096f0000 - 0x00007fff097b4000 	C:\WINDOWS\System32\KERNEL32.DLL
0x00007fff07fb0000 - 0x00007fff08354000 	C:\WINDOWS\System32\KERNELBASE.dll
0x00007fff07c80000 - 0x00007fff07d91000 	C:\WINDOWS\System32\ucrtbase.dll
0x00007ffef1bb0000 - 0x00007ffef1bc7000 	C:\Program Files\Android\Android Studio1\jbr\bin\jli.dll
0x00007fff08950000 - 0x00007fff08afe000 	C:\WINDOWS\System32\USER32.dll
0x00007fff08450000 - 0x00007fff08476000 	C:\WINDOWS\System32\win32u.dll
0x00007ffefe2d0000 - 0x00007ffefe2eb000 	C:\Program Files\Android\Android Studio1\jbr\bin\VCRUNTIME140.dll
0x00007fff094b0000 - 0x00007fff094d9000 	C:\WINDOWS\System32\GDI32.dll
0x00007fff08540000 - 0x00007fff08658000 	C:\WINDOWS\System32\gdi32full.dll
0x00007ffef2db0000 - 0x00007ffef3043000 	C:\WINDOWS\WinSxS\amd64_microsoft.windows.common-controls_6595b64144ccf1df_6.0.22621.2215_none_270d72677387dfc3\COMCTL32.dll
0x00007fff07da0000 - 0x00007fff07e3a000 	C:\WINDOWS\System32\msvcp_win.dll
0x00007fff09a80000 - 0x00007fff09b27000 	C:\WINDOWS\System32\msvcrt.dll
0x00007fff087e0000 - 0x00007fff08811000 	C:\WINDOWS\System32\IMM32.DLL
0x00007ffefe310000 - 0x00007ffefe31c000 	C:\Program Files\Android\Android Studio1\jbr\bin\vcruntime140_1.dll
0x00007ffef3110000 - 0x00007ffef319d000 	C:\Program Files\Android\Android Studio1\jbr\bin\msvcp140.dll
0x00007ffeae6a0000 - 0x00007ffeaf30e000 	C:\Program Files\Android\Android Studio1\jbr\bin\server\jvm.dll
0x00007fff08eb0000 - 0x00007fff08f60000 	C:\WINDOWS\System32\ADVAPI32.dll
0x00007fff0a7e0000 - 0x00007fff0a886000 	C:\WINDOWS\System32\sechost.dll
0x00007fff08660000 - 0x00007fff08777000 	C:\WINDOWS\System32\RPCRT4.dll
0x00007ffefc280000 - 0x00007ffefc28a000 	C:\WINDOWS\SYSTEM32\VERSION.dll
0x00007ffeff5d0000 - 0x00007ffeff5d9000 	C:\WINDOWS\SYSTEM32\WSOCK32.dll
0x00007ffefd600000 - 0x00007ffefd634000 	C:\WINDOWS\SYSTEM32\WINMM.dll
0x00007fff08850000 - 0x00007fff088c1000 	C:\WINDOWS\System32\WS2_32.dll
0x00007fff06dc0000 - 0x00007fff06dd8000 	C:\WINDOWS\SYSTEM32\kernel.appcore.dll
0x00007ffeff5c0000 - 0x00007ffeff5ca000 	C:\Program Files\Android\Android Studio1\jbr\bin\jimage.dll
0x00007fff05750000 - 0x00007fff0597e000 	C:\WINDOWS\SYSTEM32\DBGHELP.DLL
0x00007fff08f60000 - 0x00007fff092ea000 	C:\WINDOWS\System32\combase.dll
0x00007fff08d50000 - 0x00007fff08e27000 	C:\WINDOWS\System32\OLEAUT32.dll
0x00007ffeecbe0000 - 0x00007ffeecc12000 	C:\WINDOWS\SYSTEM32\dbgcore.DLL
0x00007fff083d0000 - 0x00007fff0844a000 	C:\WINDOWS\System32\bcryptPrimitives.dll
0x00007ffef4fb0000 - 0x00007ffef4fd5000 	C:\Program Files\Android\Android Studio1\jbr\bin\java.dll
0x00007ffefd740000 - 0x00007ffefd758000 	C:\Program Files\Android\Android Studio1\jbr\bin\zip.dll
0x00007fff09b30000 - 0x00007fff0a353000 	C:\WINDOWS\System32\SHELL32.dll
0x00007fff05c20000 - 0x00007fff0650a000 	C:\WINDOWS\SYSTEM32\windows.storage.dll
0x00007fff05980000 - 0x00007fff05abe000 	C:\WINDOWS\SYSTEM32\wintypes.dll
0x00007fff08b00000 - 0x00007fff08bf3000 	C:\WINDOWS\System32\SHCORE.dll
0x00007fff08780000 - 0x00007fff087de000 	C:\WINDOWS\System32\shlwapi.dll
0x00007fff07bb0000 - 0x00007fff07bd6000 	C:\WINDOWS\SYSTEM32\profapi.dll
0x00007ffef4ae0000 - 0x00007ffef4af9000 	C:\Program Files\Android\Android Studio1\jbr\bin\net.dll
0x00007fff01100000 - 0x00007fff01237000 	C:\WINDOWS\SYSTEM32\WINHTTP.dll
0x00007fff07240000 - 0x00007fff072a9000 	C:\WINDOWS\system32\mswsock.dll
0x00007ffef3210000 - 0x00007ffef3226000 	C:\Program Files\Android\Android Studio1\jbr\bin\nio.dll

dbghelp: loaded successfully - version: 4.0.5 - missing functions: none
symbol engine: initialized successfully - sym options: 0x614 - pdb path: .;C:\Program Files\Android\Android Studio1\jbr\bin;C:\WINDOWS\SYSTEM32;C:\WINDOWS\WinSxS\amd64_microsoft.windows.common-controls_6595b64144ccf1df_6.0.22621.2215_none_270d72677387dfc3;C:\Program Files\Android\Android Studio1\jbr\bin\server

VM Arguments:
java_command: org.jetbrains.kotlin.cli.jvm.K2JVMCompiler @C:\Users\andre\Downloads\GanasteApp\app\build\20230920_7587928351018558023.compiler.options
java_class_path (initial): C:\Users\andre\.gradle\caches\modules-2\files-2.1\org.jetbrains.kotlin\kotlin-compiler-embeddable\1.9.0\2c8c3a7402becca891f12739b3e9fd2dc2adbd7a\kotlin-compiler-embeddable-1.9.0.jar;C:\Users\andre\.gradle\caches\modules-2\files-2.1\org.jetbrains.kotlin\kotlin-stdlib\1.9.0\8ee15ef0c67dc83d874f412d84378d7f0eb50b63\kotlin-stdlib-1.9.0.jar;C:\Users\andre\.gradle\caches\modules-2\files-2.1\org.jetbrains.kotlin\kotlin-script-runtime\1.9.0\4b3102cbbb7e1b58d9d1adf89563f00069ffa7d1\kotlin-script-runtime-1.9.0.jar;C:\Users\andre\.gradle\caches\modules-2\files-2.1\org.jetbrains.kotlin\kotlin-reflect\1.6.10\1cbe9c92c12a94eea200d23c2bbaedaf3daf5132\kotlin-reflect-1.6.10.jar;C:\Users\andre\.gradle\caches\modules-2\files-2.1\org.jetbrains.kotlin\kotlin-daemon-embeddable\1.9.0\186543f5e28cf8d9a0290fecc2cf34301c40a65c\kotlin-daemon-embeddable-1.9.0.jar;C:\Users\andre\.gradle\caches\modules-2\files-2.1\org.jetbrains.intellij.deps\trove4j\1.0.20200330\3afb14d5f9ceb459d724e907a21145e8ff394f02\trove4j-1.0.20200330.jar;C:\Users\andre\.gradle\caches\modules-2\files-2.1\org.jetbrains.kotlin\kotlin-stdlib-common\1.9.0\cd65c21cfd1eec4d44ef09f9f52b6d9f8a720636\kotlin-stdlib-common-1.9.0.jar;C:\Users\andre\.gradle\caches\modules-2\files-2.1\org.jetbrains\annotations\13.0\919f0dfe192fb4e063e7dacadee7f8bb9a2672a9\annotations-13.0.jar
Launcher Type: SUN_STANDARD

[Global flags]
     intx CICompilerCount                          = 4                                         {product} {ergonomic}
     uint ConcGCThreads                            = 2                                         {product} {ergonomic}
     uint G1ConcRefinementThreads                  = 8                                         {product} {ergonomic}
   size_t G1HeapRegionSize                         = 2097152                                   {product} {ergonomic}
    uintx GCDrainStackTargetSize                   = 64                                        {product} {ergonomic}
   size_t InitialHeapSize                          = 197132288                                 {product} {ergonomic}
   size_t MarkStackSize                            = 4194304                                   {product} {ergonomic}
   size_t MaxHeapSize                              = 3139436544                                {product} {ergonomic}
   size_t MaxNewSize                               = 1883242496                                {product} {ergonomic}
   size_t MinHeapDeltaBytes                        = 2097152                                   {product} {ergonomic}
   size_t MinHeapSize                              = 8388608                                   {product} {ergonomic}
    uintx NonNMethodCodeHeapSize                   = 5839372                                {pd product} {ergonomic}
    uintx NonProfiledCodeHeapSize                  = 122909434                              {pd product} {ergonomic}
    uintx ProfiledCodeHeapSize                     = 122909434                              {pd product} {ergonomic}
    uintx ReservedCodeCacheSize                    = 251658240                              {pd product} {ergonomic}
     bool SegmentedCodeCache                       = true                                      {product} {ergonomic}
   size_t SoftMaxHeapSize                          = 3139436544                             {manageable} {ergonomic}
     bool UseCompressedClassPointers               = true                           {product lp64_product} {ergonomic}
     bool UseCompressedOops                        = true                           {product lp64_product} {ergonomic}
     bool UseG1GC                                  = true                                      {product} {ergonomic}
     bool UseLargePagesIndividualAllocation        = false                                  {pd product} {ergonomic}

Logging:
Log output configuration:
 #0: stdout all=warning uptime,level,tags
 #1: stderr all=off uptime,level,tags

Environment Variables:
PATH=C:\Program Files (x86)\Common Files\Oracle\Java\javapath;C:\WINDOWS\system32;C:\WINDOWS;C:\WINDOWS\System32\Wbem;C:\WINDOWS\System32\WindowsPowerShell\v1.0\;C:\WINDOWS\System32\OpenSSH\;C:\Program Files\Git\cmd;C:\Users\andre\AppData\Local\Microsoft\WindowsApps;;C:\Users\andre\AppData\Local\Programs\Microsoft VS Code\bin
USERNAME=andre
OS=Windows_NT
PROCESSOR_IDENTIFIER=Intel64 Family 6 Model 140 Stepping 1, GenuineIntel
TMP=C:\Users\andre\AppData\Local\Temp
TEMP=C:\Users\andre\AppData\Local\Temp


JNI global refs:
JNI global refs: 8, weak refs: 0

JNI global refs memory usage: 843, weak refs: 841


---------------  S Y S T E M  ---------------

OS:
 Windows 11 , 64 bit Build 22621 (10.0.22621.2215)
OS uptime: 4 days 4:27 hours

CPU: total 8 (initial active 8) (4 cores per cpu, 2 threads per core) family 6 model 140 stepping 1 microcode 0x86, cx8, cmov, fxsr, ht, mmx, 3dnowpref, sse, sse2, sse3, ssse3, sse4.1, sse4.2, popcnt, lzcnt, tsc, tscinvbit, avx, avx2, aes, erms, clmul, bmi1, bmi2, adx, avx512f, avx512dq, avx512cd, avx512bw, avx512vl, sha, fma, vzeroupper, avx512_vpopcntdq, avx512_vpclmulqdq, avx512_vaes, avx512_vnni, clflush, clflushopt, clwb, avx512_vbmi2, avx512_vbmi

Memory: 4k page, system-wide physical 11969M (410M free)
TotalPageFile size 19137M (AvailPageFile size 4M)
current process WorkingSet (physical memory assigned to process): 94M, peak: 94M
current process commit charge ("private bytes"): 292M, peak: 292M

vm_info: OpenJDK 64-Bit Server VM (17.0.6+0-b2043.56-10027231) for windows-amd64 JRE (17.0.6+0-b2043.56-10027231), built on Apr 28 2023 00:43:19 by "androidbuild" with MS VC++ 16.10 / 16.11 (VS2019)

END.
